<?xml version="1.0" encoding="UTF-8"?>
<testng-results ignored="0" total="3" passed="2" failed="1" skipped="0">
  <reporter-output>
  </reporter-output>
  <suite started-at="2019-08-01T17:12:59Z" name="Suite" finished-at="2019-08-01T17:14:24Z" duration-ms="85088">
    <groups>
    </groups>
    <test started-at="2019-08-01T17:12:59Z" name="Test" finished-at="2019-08-01T17:12:59Z" duration-ms="8">
    </test> <!-- Test -->
    <test started-at="2019-08-01T17:13:00Z" name="fullframe" finished-at="2019-08-01T17:14:10Z" duration-ms="70003">
      <class name="academy.FullframeHomePage">
        <test-method signature="pageNavigation(java.lang.String, java.lang.String, java.lang.String)[pri:0, instance:academy.FullframeHomePage@46fa7c39]" started-at="2019-08-01T17:13:00Z" name="pageNavigation" data-provider="getData" finished-at="2019-08-01T17:13:39Z" duration-ms="38818" status="PASS">
          <params>
            <param index="0">
              <value>
                <![CDATA[iffat@gmail.com]]>
              </value>
            </param>
            <param index="1">
              <value>
                <![CDATA[test]]>
              </value>
            </param>
            <param index="2">
              <value>
                <![CDATA[write permission user]]>
              </value>
            </param>
          </params>
          <reporter-output>
          </reporter-output>
        </test-method> <!-- pageNavigation -->
        <test-method signature="pageNavigation(java.lang.String, java.lang.String, java.lang.String)[pri:0, instance:academy.FullframeHomePage@46fa7c39]" started-at="2019-08-01T17:13:39Z" name="pageNavigation" data-provider="getData" finished-at="2019-08-01T17:14:10Z" duration-ms="30934" status="PASS">
          <params>
            <param index="0">
              <value>
                <![CDATA[readpermission@gmail.com]]>
              </value>
            </param>
            <param index="1">
              <value>
                <![CDATA[test]]>
              </value>
            </param>
            <param index="2">
              <value>
                <![CDATA[REad permission only]]>
              </value>
            </param>
          </params>
          <reporter-output>
          </reporter-output>
        </test-method> <!-- pageNavigation -->
        <test-method is-config="true" signature="closebrowser()[pri:0, instance:academy.FullframeHomePage@46fa7c39]" started-at="2019-08-01T17:14:10Z" name="closebrowser" finished-at="2019-08-01T17:14:10Z" duration-ms="213" status="PASS">
          <reporter-output>
          </reporter-output>
        </test-method> <!-- closebrowser -->
      </class> <!-- academy.FullframeHomePage -->
    </test> <!-- fullframe -->
    <test started-at="2019-08-01T17:14:10Z" name="Validation" finished-at="2019-08-01T17:14:24Z" duration-ms="14409">
      <class name="academy.ValidationTest">
        <test-method is-config="true" signature="initialize()[pri:0, instance:academy.ValidationTest@2f17e30d]" started-at="2019-08-01T17:14:10Z" name="initialize" finished-at="2019-08-01T17:14:21Z" duration-ms="11249" status="PASS">
          <reporter-output>
          </reporter-output>
        </test-method> <!-- initialize -->
        <test-method signature="pageNavigation()[pri:0, instance:academy.ValidationTest@2f17e30d]" started-at="2019-08-01T17:14:21Z" name="pageNavigation" finished-at="2019-08-01T17:14:21Z" duration-ms="72" status="FAIL">
          <exception class="java.lang.AssertionError">
            <message>
              <![CDATA[expected [FEATUREgD COURSES] but found [FEATURED COURSES]]]>
            </message>
            <full-stacktrace>
              <![CDATA[java.lang.AssertionError: expected [FEATUREgD COURSES] but found [FEATURED COURSES]
at org.testng.Assert.fail(Assert.java:96)
at org.testng.Assert.failNotEquals(Assert.java:776)
at org.testng.Assert.assertEqualsImpl(Assert.java:137)
at org.testng.Assert.assertEquals(Assert.java:118)
at org.testng.Assert.assertEquals(Assert.java:453)
at org.testng.Assert.assertEquals(Assert.java:463)
at academy.ValidationTest.pageNavigation(ValidationTest.java:38)
at java.base/jdk.internal.reflect.NativeMethodAccessorImpl.invoke0(Native Method)
at java.base/jdk.internal.reflect.NativeMethodAccessorImpl.invoke(NativeMethodAccessorImpl.java:62)
at java.base/jdk.internal.reflect.DelegatingMethodAccessorImpl.invoke(DelegatingMethodAccessorImpl.java:43)
at java.base/java.lang.reflect.Method.invoke(Method.java:566)
at org.testng.internal.MethodInvocationHelper.invokeMethod(MethodInvocationHelper.java:124)
at org.testng.internal.Invoker.invokeMethod(Invoker.java:583)
at org.testng.internal.Invoker.invokeTestMethod(Invoker.java:719)
at org.testng.internal.Invoker.invokeTestMethods(Invoker.java:989)
at org.testng.internal.TestMethodWorker.invokeTestMethods(TestMethodWorker.java:125)
at org.testng.internal.TestMethodWorker.run(TestMethodWorker.java:109)
at org.testng.TestRunner.privateRun(TestRunner.java:648)
at org.testng.TestRunner.run(TestRunner.java:505)
at org.testng.SuiteRunner.runTest(SuiteRunner.java:455)
at org.testng.SuiteRunner.runSequentially(SuiteRunner.java:450)
at org.testng.SuiteRunner.privateRun(SuiteRunner.java:415)
at org.testng.SuiteRunner.run(SuiteRunner.java:364)
at org.testng.SuiteRunnerWorker.runSuite(SuiteRunnerWorker.java:52)
at org.testng.SuiteRunnerWorker.run(SuiteRunnerWorker.java:84)
at org.testng.TestNG.runSuitesSequentially(TestNG.java:1208)
at org.testng.TestNG.runSuitesLocally(TestNG.java:1137)
at org.testng.TestNG.runSuites(TestNG.java:1049)
at org.testng.TestNG.run(TestNG.java:1017)
at org.testng.remote.AbstractRemoteTestNG.run(AbstractRemoteTestNG.java:115)
at org.testng.remote.RemoteTestNG.initAndRun(RemoteTestNG.java:251)
at org.testng.remote.RemoteTestNG.main(RemoteTestNG.java:77)
]]>
            </full-stacktrace>
          </exception> <!-- java.lang.AssertionError -->
          <reporter-output>
          </reporter-output>
        </test-method> <!-- pageNavigation -->
        <test-method is-config="true" signature="closebrowser()[pri:0, instance:academy.ValidationTest@2f17e30d]" started-at="2019-08-01T17:14:22Z" name="closebrowser" finished-at="2019-08-01T17:14:24Z" duration-ms="2330" status="PASS">
          <reporter-output>
          </reporter-output>
        </test-method> <!-- closebrowser -->
      </class> <!-- academy.ValidationTest -->
    </test> <!-- Validation -->
  </suite> <!-- Suite -->
</testng-results>
